c:\users\yangchunhai-ls\source\repos\qtlistwidgetdemo\x64\debug\vc142.pdb
c:\users\yangchunhai-ls\source\repos\qtlistwidgetdemo\x64\debug\qrc_qtlistwidgetdemo.obj
c:\users\yangchunhai-ls\source\repos\qtlistwidgetdemo\x64\debug\qtlistwidgetdemo.obj
c:\users\yangchunhai-ls\source\repos\qtlistwidgetdemo\x64\debug\main.obj
c:\users\yangchunhai-ls\source\repos\qtlistwidgetdemo\x64\debug\moc_qtlistwidgetdemo.obj
c:\users\yangchunhai-ls\source\repos\jawlistlib\x64\debug\qtlistwidgetdemo.exe
c:\users\yangchunhai-ls\source\repos\jawlistlib\x64\debug\qtlistwidgetdemo.ilk
c:\users\yangchunhai-ls\source\repos\jawlistlib\x64\debug\qtlistwidgetdemo.pdb
c:\users\yangchunhai-ls\source\repos\qtlistwidgetdemo\x64\debug\moc\moc_qtlistwidgetdemo.cpp
c:\users\yangchunhai-ls\source\repos\qtlistwidgetdemo\x64\debug\uic\ui_qtlistwidgetdemo.h
c:\users\yangchunhai-ls\source\repos\qtlistwidgetdemo\x64\debug\rcc\qrc_qtlistwidgetdemo.cpp
c:\users\yangchunhai-ls\source\repos\qtlistwidgetdemo\x64\debug\qtlistwidgetdemo.tlog\cl.command.1.tlog
c:\users\yangchunhai-ls\source\repos\qtlistwidgetdemo\x64\debug\qtlistwidgetdemo.tlog\cl.read.1.tlog
c:\users\yangchunhai-ls\source\repos\qtlistwidgetdemo\x64\debug\qtlistwidgetdemo.tlog\cl.write.1.tlog
c:\users\yangchunhai-ls\source\repos\qtlistwidgetdemo\x64\debug\qtlistwidgetdemo.tlog\link.command.1.tlog
c:\users\yangchunhai-ls\source\repos\qtlistwidgetdemo\x64\debug\qtlistwidgetdemo.tlog\link.read.1.tlog
c:\users\yangchunhai-ls\source\repos\qtlistwidgetdemo\x64\debug\qtlistwidgetdemo.tlog\link.write.1.tlog
c:\users\yangchunhai-ls\source\repos\qtlistwidgetdemo\x64\debug\qtlistwidgetdemo.tlog\moc.read.1u.tlog
c:\users\yangchunhai-ls\source\repos\qtlistwidgetdemo\x64\debug\qtlistwidgetdemo.tlog\moc.write.1u.tlog
c:\users\yangchunhai-ls\source\repos\qtlistwidgetdemo\x64\debug\qtlistwidgetdemo.tlog\qtlistwidgetdemo.write.1u.tlog
c:\users\yangchunhai-ls\source\repos\qtlistwidgetdemo\x64\debug\qtlistwidgetdemo.tlog\rcc.read.1u.tlog
c:\users\yangchunhai-ls\source\repos\qtlistwidgetdemo\x64\debug\qtlistwidgetdemo.tlog\rcc.write.1u.tlog
c:\users\yangchunhai-ls\source\repos\qtlistwidgetdemo\x64\debug\qtlistwidgetdemo.tlog\uic.read.1u.tlog
c:\users\yangchunhai-ls\source\repos\qtlistwidgetdemo\x64\debug\qtlistwidgetdemo.tlog\uic.write.1u.tlog
