c:\users\yangchunhai-ls\source\repos\jawlistlib\x64\debug\vc142.pdb
c:\users\yangchunhai-ls\source\repos\jawlistlib\x64\debug\qrc_jawlistwidget.obj
c:\users\yangchunhai-ls\source\repos\jawlistlib\x64\debug\jawlistlib.obj
c:\users\yangchunhai-ls\source\repos\jawlistlib\x64\debug\jawlistwidget.obj
c:\users\yangchunhai-ls\source\repos\jawlistlib\x64\debug\moc_jawlistwidget.obj
c:\users\yangchunhai-ls\source\repos\jawlistlib\x64\debug\moc_jawlistlib.obj
c:\users\yangchunhai-ls\source\repos\jawlistlib\x64\debug\uic\ui_jawlistwidget.h
c:\users\yangchunhai-ls\source\repos\jawlistlib\x64\debug\rcc\qrc_jawlistwidget.cpp
c:\users\yangchunhai-ls\source\repos\jawlistlib\x64\debug\moc\moc_jawlistwidget.cpp
c:\users\yangchunhai-ls\source\repos\jawlistlib\x64\debug\moc\moc_jawlistlib.cpp
c:\users\yangchunhai-ls\source\repos\jawlistlib\x64\debug\jawlistlib.lib
c:\users\yangchunhai-ls\source\repos\jawlistlib\x64\debug\jawlistlib.exp
c:\users\yangchunhai-ls\source\repos\jawlistlib\x64\debug\jawlistlib.dll
c:\users\yangchunhai-ls\source\repos\jawlistlib\x64\debug\jawlistlib.ilk
c:\users\yangchunhai-ls\source\repos\jawlistlib\x64\debug\jawlistlib.pdb
c:\users\yangchunhai-ls\source\repos\jawlistlib\x64\debug\jawlistwidget.res
c:\users\yangchunhai-ls\source\repos\jawlistlib\x64\debug\qtlistwidgetdemo.ilk
c:\users\yangchunhai-ls\source\repos\jawlistlib\x64\debug\qtlistwidgetdemo.pdb
c:\users\yangchunhai-ls\source\repos\jawlistlib\x64\debug\jawlistlib.tlog\cl.command.1.tlog
c:\users\yangchunhai-ls\source\repos\jawlistlib\x64\debug\jawlistlib.tlog\cl.read.1.tlog
c:\users\yangchunhai-ls\source\repos\jawlistlib\x64\debug\jawlistlib.tlog\cl.write.1.tlog
c:\users\yangchunhai-ls\source\repos\jawlistlib\x64\debug\jawlistlib.tlog\jawlistlib.write.1u.tlog
c:\users\yangchunhai-ls\source\repos\jawlistlib\x64\debug\jawlistlib.tlog\link.command.1.tlog
c:\users\yangchunhai-ls\source\repos\jawlistlib\x64\debug\jawlistlib.tlog\link.read.1.tlog
c:\users\yangchunhai-ls\source\repos\jawlistlib\x64\debug\jawlistlib.tlog\link.write.1.tlog
c:\users\yangchunhai-ls\source\repos\jawlistlib\x64\debug\jawlistlib.tlog\moc.read.1u.tlog
c:\users\yangchunhai-ls\source\repos\jawlistlib\x64\debug\jawlistlib.tlog\moc.write.1u.tlog
c:\users\yangchunhai-ls\source\repos\jawlistlib\x64\debug\jawlistlib.tlog\rc.command.1.tlog
c:\users\yangchunhai-ls\source\repos\jawlistlib\x64\debug\jawlistlib.tlog\rc.read.1.tlog
c:\users\yangchunhai-ls\source\repos\jawlistlib\x64\debug\jawlistlib.tlog\rc.write.1.tlog
c:\users\yangchunhai-ls\source\repos\jawlistlib\x64\debug\jawlistlib.tlog\rcc.read.1u.tlog
c:\users\yangchunhai-ls\source\repos\jawlistlib\x64\debug\jawlistlib.tlog\rcc.write.1u.tlog
c:\users\yangchunhai-ls\source\repos\jawlistlib\x64\debug\jawlistlib.tlog\uic.read.1u.tlog
c:\users\yangchunhai-ls\source\repos\jawlistlib\x64\debug\jawlistlib.tlog\uic.write.1u.tlog
